2019-10-29 17:19:45,055 [main] FATAL ui.AVRSim - Encountered fatal error...
parse.ParseException: [34,12] Fatal parsing error
	at parse.sim_inst.report_fatal_error(sim_inst.java:616)
	at parse.sim_inst.unrecovered_syntax_error(sim_inst.java:607)
	at java_cup.runtime.lr_parser.parse(lr_parser.java:616)
	at parse.ReadAssem.getProgram(ReadAssem.java:37)
	at ui.AVRSim.loadAssemFile(AVRSim.java:67)
	at ui.AVRSim.run(AVRSim.java:76)
	at ui.Main.main(Main.java:134)
	at java.base/jdk.internal.reflect.NativeMethodAccessorImpl.invoke0(Native Method)
	at java.base/jdk.internal.reflect.NativeMethodAccessorImpl.invoke(NativeMethodAccessorImpl.java:62)
	at java.base/jdk.internal.reflect.DelegatingMethodAccessorImpl.invoke(DelegatingMethodAccessorImpl.java:43)
	at java.base/java.lang.reflect.Method.invoke(Method.java:564)
	at com.simontuffs.onejar.Boot.run(Boot.java:340)
	at com.simontuffs.onejar.Boot.main(Boot.java:166)
2019-10-29 17:21:12,081 [main] FATAL ui.AVRSim - Encountered fatal error...
parse.ParseException: [34,12] Fatal parsing error
	at parse.sim_inst.report_fatal_error(sim_inst.java:616)
	at parse.sim_inst.unrecovered_syntax_error(sim_inst.java:607)
	at java_cup.runtime.lr_parser.parse(lr_parser.java:616)
	at parse.ReadAssem.getProgram(ReadAssem.java:37)
	at ui.AVRSim.loadAssemFile(AVRSim.java:67)
	at ui.AVRSim.run(AVRSim.java:76)
	at ui.Main.main(Main.java:134)
	at java.base/jdk.internal.reflect.NativeMethodAccessorImpl.invoke0(Native Method)
	at java.base/jdk.internal.reflect.NativeMethodAccessorImpl.invoke(NativeMethodAccessorImpl.java:62)
	at java.base/jdk.internal.reflect.DelegatingMethodAccessorImpl.invoke(DelegatingMethodAccessorImpl.java:43)
	at java.base/java.lang.reflect.Method.invoke(Method.java:564)
	at com.simontuffs.onejar.Boot.run(Boot.java:340)
	at com.simontuffs.onejar.Boot.main(Boot.java:166)
2019-10-29 17:22:18,286 [main] FATAL ui.AVRSim - Encountered fatal error...
parse.ParseException: [34,12] Fatal parsing error
	at parse.sim_inst.report_fatal_error(sim_inst.java:616)
	at parse.sim_inst.unrecovered_syntax_error(sim_inst.java:607)
	at java_cup.runtime.lr_parser.parse(lr_parser.java:616)
	at parse.ReadAssem.getProgram(ReadAssem.java:37)
	at ui.AVRSim.loadAssemFile(AVRSim.java:67)
	at ui.AVRSim.run(AVRSim.java:76)
	at ui.Main.main(Main.java:134)
	at java.base/jdk.internal.reflect.NativeMethodAccessorImpl.invoke0(Native Method)
	at java.base/jdk.internal.reflect.NativeMethodAccessorImpl.invoke(NativeMethodAccessorImpl.java:62)
	at java.base/jdk.internal.reflect.DelegatingMethodAccessorImpl.invoke(DelegatingMethodAccessorImpl.java:43)
	at java.base/java.lang.reflect.Method.invoke(Method.java:564)
	at com.simontuffs.onejar.Boot.run(Boot.java:340)
	at com.simontuffs.onejar.Boot.main(Boot.java:166)
2019-10-29 17:24:11,555 [main] FATAL ui.Main - Assembly File passed in does not exist.
2019-10-29 17:24:37,921 [main] FATAL ui.AVRSim - Encountered fatal error...
parse.ParseException: [34,12] Fatal parsing error
	at parse.sim_inst.report_fatal_error(sim_inst.java:616)
	at parse.sim_inst.unrecovered_syntax_error(sim_inst.java:607)
	at java_cup.runtime.lr_parser.parse(lr_parser.java:616)
	at parse.ReadAssem.getProgram(ReadAssem.java:37)
	at ui.AVRSim.loadAssemFile(AVRSim.java:67)
	at ui.AVRSim.run(AVRSim.java:76)
	at ui.Main.main(Main.java:134)
	at java.base/jdk.internal.reflect.NativeMethodAccessorImpl.invoke0(Native Method)
	at java.base/jdk.internal.reflect.NativeMethodAccessorImpl.invoke(NativeMethodAccessorImpl.java:62)
	at java.base/jdk.internal.reflect.DelegatingMethodAccessorImpl.invoke(DelegatingMethodAccessorImpl.java:43)
	at java.base/java.lang.reflect.Method.invoke(Method.java:564)
	at com.simontuffs.onejar.Boot.run(Boot.java:340)
	at com.simontuffs.onejar.Boot.main(Boot.java:166)
2019-10-29 17:26:47,577 [main] FATAL ui.AVRSim - Encountered fatal error...
parse.ParseException: [34,12] Fatal parsing error
	at parse.sim_inst.report_fatal_error(sim_inst.java:616)
	at parse.sim_inst.unrecovered_syntax_error(sim_inst.java:607)
	at java_cup.runtime.lr_parser.parse(lr_parser.java:616)
	at parse.ReadAssem.getProgram(ReadAssem.java:37)
	at ui.AVRSim.loadAssemFile(AVRSim.java:67)
	at ui.AVRSim.run(AVRSim.java:76)
	at ui.Main.main(Main.java:134)
	at java.base/jdk.internal.reflect.NativeMethodAccessorImpl.invoke0(Native Method)
	at java.base/jdk.internal.reflect.NativeMethodAccessorImpl.invoke(NativeMethodAccessorImpl.java:62)
	at java.base/jdk.internal.reflect.DelegatingMethodAccessorImpl.invoke(DelegatingMethodAccessorImpl.java:43)
	at java.base/java.lang.reflect.Method.invoke(Method.java:564)
	at com.simontuffs.onejar.Boot.run(Boot.java:340)
	at com.simontuffs.onejar.Boot.main(Boot.java:166)
2019-10-29 17:30:41,465 [main] FATAL ui.AVRSim - Encountered fatal error...
parse.ParseException: [34,12] Fatal parsing error
	at parse.sim_inst.report_fatal_error(sim_inst.java:616)
	at parse.sim_inst.unrecovered_syntax_error(sim_inst.java:607)
	at java_cup.runtime.lr_parser.parse(lr_parser.java:616)
	at parse.ReadAssem.getProgram(ReadAssem.java:37)
	at ui.AVRSim.loadAssemFile(AVRSim.java:67)
	at ui.AVRSim.run(AVRSim.java:76)
	at ui.Main.main(Main.java:134)
	at java.base/jdk.internal.reflect.NativeMethodAccessorImpl.invoke0(Native Method)
	at java.base/jdk.internal.reflect.NativeMethodAccessorImpl.invoke(NativeMethodAccessorImpl.java:62)
	at java.base/jdk.internal.reflect.DelegatingMethodAccessorImpl.invoke(DelegatingMethodAccessorImpl.java:43)
	at java.base/java.lang.reflect.Method.invoke(Method.java:564)
	at com.simontuffs.onejar.Boot.run(Boot.java:340)
	at com.simontuffs.onejar.Boot.main(Boot.java:166)
2019-10-29 17:32:10,753 [main] FATAL ui.AVRSim - Encountered fatal error...
parse.ParseException: [34,12] Fatal parsing error
	at parse.sim_inst.report_fatal_error(sim_inst.java:616)
	at parse.sim_inst.unrecovered_syntax_error(sim_inst.java:607)
	at java_cup.runtime.lr_parser.parse(lr_parser.java:616)
	at parse.ReadAssem.getProgram(ReadAssem.java:37)
	at ui.AVRSim.loadAssemFile(AVRSim.java:67)
	at ui.AVRSim.run(AVRSim.java:76)
	at ui.Main.main(Main.java:134)
	at java.base/jdk.internal.reflect.NativeMethodAccessorImpl.invoke0(Native Method)
	at java.base/jdk.internal.reflect.NativeMethodAccessorImpl.invoke(NativeMethodAccessorImpl.java:62)
	at java.base/jdk.internal.reflect.DelegatingMethodAccessorImpl.invoke(DelegatingMethodAccessorImpl.java:43)
	at java.base/java.lang.reflect.Method.invoke(Method.java:564)
	at com.simontuffs.onejar.Boot.run(Boot.java:340)
	at com.simontuffs.onejar.Boot.main(Boot.java:166)
2019-10-29 17:32:23,537 [main] FATAL ui.Main - Unexpected Parse Exception
org.apache.commons.cli.MissingArgumentException: Missing argument for option: f
	at org.apache.commons.cli.Parser.processArgs(Parser.java:343)
	at org.apache.commons.cli.Parser.processOption(Parser.java:393)
	at org.apache.commons.cli.Parser.parse(Parser.java:199)
	at org.apache.commons.cli.Parser.parse(Parser.java:85)
	at ui.Main.main(Main.java:50)
	at java.base/jdk.internal.reflect.NativeMethodAccessorImpl.invoke0(Native Method)
	at java.base/jdk.internal.reflect.NativeMethodAccessorImpl.invoke(NativeMethodAccessorImpl.java:62)
	at java.base/jdk.internal.reflect.DelegatingMethodAccessorImpl.invoke(DelegatingMethodAccessorImpl.java:43)
	at java.base/java.lang.reflect.Method.invoke(Method.java:564)
	at com.simontuffs.onejar.Boot.run(Boot.java:340)
	at com.simontuffs.onejar.Boot.main(Boot.java:166)
2019-10-29 17:32:58,836 [main] FATAL ui.AVRSim - Encountered fatal error...
parse.ParseException: [34,12] Fatal parsing error
	at parse.sim_inst.report_fatal_error(sim_inst.java:616)
	at parse.sim_inst.unrecovered_syntax_error(sim_inst.java:607)
	at java_cup.runtime.lr_parser.parse(lr_parser.java:616)
	at parse.ReadAssem.getProgram(ReadAssem.java:37)
	at ui.AVRSim.loadAssemFile(AVRSim.java:67)
	at ui.AVRSim.run(AVRSim.java:76)
	at ui.Main.main(Main.java:134)
	at java.base/jdk.internal.reflect.NativeMethodAccessorImpl.invoke0(Native Method)
	at java.base/jdk.internal.reflect.NativeMethodAccessorImpl.invoke(NativeMethodAccessorImpl.java:62)
	at java.base/jdk.internal.reflect.DelegatingMethodAccessorImpl.invoke(DelegatingMethodAccessorImpl.java:43)
	at java.base/java.lang.reflect.Method.invoke(Method.java:564)
	at com.simontuffs.onejar.Boot.run(Boot.java:340)
	at com.simontuffs.onejar.Boot.main(Boot.java:166)
2019-10-29 17:34:47,454 [main] FATAL ui.AVRSim - Encountered fatal error...
parse.ParseException: [34,12] Fatal parsing error
	at parse.sim_inst.report_fatal_error(sim_inst.java:616)
	at parse.sim_inst.unrecovered_syntax_error(sim_inst.java:607)
	at java_cup.runtime.lr_parser.parse(lr_parser.java:616)
	at parse.ReadAssem.getProgram(ReadAssem.java:37)
	at ui.AVRSim.loadAssemFile(AVRSim.java:67)
	at ui.AVRSim.run(AVRSim.java:76)
	at ui.Main.main(Main.java:134)
	at java.base/jdk.internal.reflect.NativeMethodAccessorImpl.invoke0(Native Method)
	at java.base/jdk.internal.reflect.NativeMethodAccessorImpl.invoke(NativeMethodAccessorImpl.java:62)
	at java.base/jdk.internal.reflect.DelegatingMethodAccessorImpl.invoke(DelegatingMethodAccessorImpl.java:43)
	at java.base/java.lang.reflect.Method.invoke(Method.java:564)
	at com.simontuffs.onejar.Boot.run(Boot.java:340)
	at com.simontuffs.onejar.Boot.main(Boot.java:166)
2019-10-29 17:35:46,967 [main] FATAL ui.AVRSim - Encountered fatal error...
parse.ParseException: [34,12] Fatal parsing error
	at parse.sim_inst.report_fatal_error(sim_inst.java:616)
	at parse.sim_inst.unrecovered_syntax_error(sim_inst.java:607)
	at java_cup.runtime.lr_parser.parse(lr_parser.java:616)
	at parse.ReadAssem.getProgram(ReadAssem.java:37)
	at ui.AVRSim.loadAssemFile(AVRSim.java:67)
	at ui.AVRSim.run(AVRSim.java:76)
	at ui.Main.main(Main.java:134)
	at java.base/jdk.internal.reflect.NativeMethodAccessorImpl.invoke0(Native Method)
	at java.base/jdk.internal.reflect.NativeMethodAccessorImpl.invoke(NativeMethodAccessorImpl.java:62)
	at java.base/jdk.internal.reflect.DelegatingMethodAccessorImpl.invoke(DelegatingMethodAccessorImpl.java:43)
	at java.base/java.lang.reflect.Method.invoke(Method.java:564)
	at com.simontuffs.onejar.Boot.run(Boot.java:340)
	at com.simontuffs.onejar.Boot.main(Boot.java:166)
2019-10-29 17:37:19,490 [main] FATAL ui.AVRSim - Encountered fatal error...
parse.ParseException: [34,12] Fatal parsing error
	at parse.sim_inst.report_fatal_error(sim_inst.java:616)
	at parse.sim_inst.unrecovered_syntax_error(sim_inst.java:607)
	at java_cup.runtime.lr_parser.parse(lr_parser.java:616)
	at parse.ReadAssem.getProgram(ReadAssem.java:37)
	at ui.AVRSim.loadAssemFile(AVRSim.java:67)
	at ui.AVRSim.run(AVRSim.java:76)
	at ui.Main.main(Main.java:134)
	at java.base/jdk.internal.reflect.NativeMethodAccessorImpl.invoke0(Native Method)
	at java.base/jdk.internal.reflect.NativeMethodAccessorImpl.invoke(NativeMethodAccessorImpl.java:62)
	at java.base/jdk.internal.reflect.DelegatingMethodAccessorImpl.invoke(DelegatingMethodAccessorImpl.java:43)
	at java.base/java.lang.reflect.Method.invoke(Method.java:564)
	at com.simontuffs.onejar.Boot.run(Boot.java:340)
	at com.simontuffs.onejar.Boot.main(Boot.java:166)
2019-10-29 17:40:16,736 [main] FATAL ui.AVRSim - Encountered fatal error...
parse.ParseException: [34,12] Fatal parsing error
	at parse.sim_inst.report_fatal_error(sim_inst.java:616)
	at parse.sim_inst.unrecovered_syntax_error(sim_inst.java:607)
	at java_cup.runtime.lr_parser.parse(lr_parser.java:616)
	at parse.ReadAssem.getProgram(ReadAssem.java:37)
	at ui.AVRSim.loadAssemFile(AVRSim.java:67)
	at ui.AVRSim.run(AVRSim.java:76)
	at ui.Main.main(Main.java:134)
	at java.base/jdk.internal.reflect.NativeMethodAccessorImpl.invoke0(Native Method)
	at java.base/jdk.internal.reflect.NativeMethodAccessorImpl.invoke(NativeMethodAccessorImpl.java:62)
	at java.base/jdk.internal.reflect.DelegatingMethodAccessorImpl.invoke(DelegatingMethodAccessorImpl.java:43)
	at java.base/java.lang.reflect.Method.invoke(Method.java:564)
	at com.simontuffs.onejar.Boot.run(Boot.java:340)
	at com.simontuffs.onejar.Boot.main(Boot.java:166)
2019-10-29 17:42:12,458 [main] FATAL ui.AVRSim - Encountered fatal error...
java.lang.ArrayIndexOutOfBoundsException: 255
	at machine.MachineState.setDisplaySlate(MachineState.java:523)
	at machine.functions.FuncSetPix.exec(FuncSetPix.java:34)
	at instructions.InstrCall.execute(InstrCall.java:38)
	at instructions.Instr.executeWrapper(Instr.java:43)
	at machine.MachineState.executeInstruction(MachineState.java:321)
	at ui.AVRSim.runAssem(AVRSim.java:97)
	at ui.AVRSim.run(AVRSim.java:82)
	at ui.Main.main(Main.java:134)
	at java.base/jdk.internal.reflect.NativeMethodAccessorImpl.invoke0(Native Method)
	at java.base/jdk.internal.reflect.NativeMethodAccessorImpl.invoke(NativeMethodAccessorImpl.java:62)
	at java.base/jdk.internal.reflect.DelegatingMethodAccessorImpl.invoke(DelegatingMethodAccessorImpl.java:43)
	at java.base/java.lang.reflect.Method.invoke(Method.java:564)
	at com.simontuffs.onejar.Boot.run(Boot.java:340)
	at com.simontuffs.onejar.Boot.main(Boot.java:166)
2019-10-29 17:44:02,041 [main] FATAL ui.AVRSim - Encountered fatal error...
java.lang.ArrayIndexOutOfBoundsException: 255
	at machine.MachineState.setDisplaySlate(MachineState.java:523)
	at machine.functions.FuncSetPix.exec(FuncSetPix.java:34)
	at instructions.InstrCall.execute(InstrCall.java:38)
	at instructions.Instr.executeWrapper(Instr.java:43)
	at machine.MachineState.executeInstruction(MachineState.java:321)
	at ui.AVRSim.runAssem(AVRSim.java:97)
	at ui.AVRSim.run(AVRSim.java:82)
	at ui.Main.main(Main.java:134)
	at java.base/jdk.internal.reflect.NativeMethodAccessorImpl.invoke0(Native Method)
	at java.base/jdk.internal.reflect.NativeMethodAccessorImpl.invoke(NativeMethodAccessorImpl.java:62)
	at java.base/jdk.internal.reflect.DelegatingMethodAccessorImpl.invoke(DelegatingMethodAccessorImpl.java:43)
	at java.base/java.lang.reflect.Method.invoke(Method.java:564)
	at com.simontuffs.onejar.Boot.run(Boot.java:340)
	at com.simontuffs.onejar.Boot.main(Boot.java:166)
2019-10-29 17:44:34,484 [main] FATAL ui.AVRSim - Encountered fatal error...
java.lang.ArrayIndexOutOfBoundsException: 255
	at machine.MachineState.setDisplaySlate(MachineState.java:523)
	at machine.functions.FuncSetPix.exec(FuncSetPix.java:34)
	at instructions.InstrCall.execute(InstrCall.java:38)
	at instructions.Instr.executeWrapper(Instr.java:43)
	at machine.MachineState.executeInstruction(MachineState.java:321)
	at ui.AVRSim.runAssem(AVRSim.java:97)
	at ui.AVRSim.run(AVRSim.java:82)
	at ui.Main.main(Main.java:134)
	at java.base/jdk.internal.reflect.NativeMethodAccessorImpl.invoke0(Native Method)
	at java.base/jdk.internal.reflect.NativeMethodAccessorImpl.invoke(NativeMethodAccessorImpl.java:62)
	at java.base/jdk.internal.reflect.DelegatingMethodAccessorImpl.invoke(DelegatingMethodAccessorImpl.java:43)
	at java.base/java.lang.reflect.Method.invoke(Method.java:564)
	at com.simontuffs.onejar.Boot.run(Boot.java:340)
	at com.simontuffs.onejar.Boot.main(Boot.java:166)
